#-----------------------------------------------------------
# Vivado v2019.1 (64-bit)
# SW Build 2552052 on Fri May 24 14:49:42 MDT 2019
# IP Build 2548770 on Fri May 24 18:01:18 MDT 2019
# Start of session at: Fri Dec  8 15:44:57 2023
# Process ID: 3140
# Current directory: E:/UIUC_GRAD/UIUC_ECE527/Final_project/try_block_design
# Command line: vivado.exe -gui_launcher_event rodinguilauncherevent29448 E:\UIUC_GRAD\UIUC_ECE527\Final_project\try_block_design\try_block_design.xpr
# Log file: E:/UIUC_GRAD/UIUC_ECE527/Final_project/try_block_design/vivado.log
# Journal file: E:/UIUC_GRAD/UIUC_ECE527/Final_project/try_block_design\vivado.jou
#-----------------------------------------------------------
start_gui
open_project E:/UIUC_GRAD/UIUC_ECE527/Final_project/try_block_design/try_block_design.xpr
Scanning sources...
Finished scanning sources
INFO: [IP_Flow 19-234] Refreshing IP repositories
INFO: [IP_Flow 19-1700] Loaded user IP repository 'e:/UIUC_GRAD/UIUC_ECE527/Final_project/FSRCNN_V1'.
INFO: [IP_Flow 19-2313] Loaded Vivado IP repository 'C:/Xilinx/Vivado/2019.1/data/ip'.
open_project: Time (s): cpu = 00:00:03 ; elapsed = 00:00:09 . Memory (MB): peak = 883.539 ; gain = 228.234
update_compile_order -fileset sources_1
file copy -force E:/UIUC_GRAD/UIUC_ECE527/Final_project/try_block_design/try_block_design.runs/impl_1/design_1_wrapper.bit E:/UIUC_GRAD/UIUC_ECE527/Final_project/FSRCNN_V1/bitstream.bit
exit
INFO: [Common 17-206] Exiting Vivado at Fri Dec  8 15:52:21 2023...
