

================================================================
== Vivado HLS Report for 'CORRELATE_1'
================================================================
* Date:           Fri Dec 15 20:47:59 2023

* Version:        2019.1 (Build 2552052 on Fri May 24 15:28:33 MDT 2019)
* Project:        FSRCNN_V1
* Solution:       solution1
* Product family: zynq
* Target device:  xc7z020-clg400-1


================================================================
== Performance Estimates
================================================================
+ Timing (ns): 
    * Summary: 
    +--------+-------+----------+------------+
    |  Clock | Target| Estimated| Uncertainty|
    +--------+-------+----------+------------+
    |ap_clk  |  10.00|     8.702|        1.25|
    +--------+-------+----------+------------+

+ Latency (clock cycles): 
    * Summary: 
    +------+------+------+------+---------+
    |   Latency   |   Interval  | Pipeline|
    |  min |  max |  min |  max |   Type  |
    +------+------+------+------+---------+
    |  1153|  2881|  1153|  2881|   none  |
    +------+------+------+------+---------+

    + Detail: 
        * Instance: 
        N/A

        * Loop: 
        +----------+------+------+----------+-----------+-----------+------+----------+
        |          |   Latency   | Iteration|  Initiation Interval  | Trip |          |
        | Loop Name|  min |  max |  Latency |  achieved |   target  | Count| Pipelined|
        +----------+------+------+----------+-----------+-----------+------+----------+
        |- Loop 1  |  1152|  2880|   2 ~ 5  |          -|          -|   576|    no    |
        +----------+------+------+----------+-----------+-----------+------+----------+



================================================================
== Utilization Estimates
================================================================
* Summary: 
+-----------------+---------+-------+--------+-------+-----+
|       Name      | BRAM_18K| DSP48E|   FF   |  LUT  | URAM|
+-----------------+---------+-------+--------+-------+-----+
|DSP              |        -|      1|       -|      -|    -|
|Expression       |        -|      0|       0|    386|    -|
|FIFO             |        -|      -|       -|      -|    -|
|Instance         |        -|      -|       -|      -|    -|
|Memory           |        -|      -|       -|      -|    -|
|Multiplexer      |        -|      -|       -|     74|    -|
|Register         |        -|      -|     222|      -|    -|
+-----------------+---------+-------+--------+-------+-----+
|Total            |        0|      1|     222|    460|    0|
+-----------------+---------+-------+--------+-------+-----+
|Available        |      280|    220|  106400|  53200|    0|
+-----------------+---------+-------+--------+-------+-----+
|Utilization (%)  |        0|   ~0  |   ~0   |   ~0  |    0|
+-----------------+---------+-------+--------+-------+-----+

+ Detail: 
    * Instance: 
    N/A

    * DSP48E: 
    +--------------------------+----------------------+-----------+
    |         Instance         |        Module        | Expression|
    +--------------------------+----------------------+-----------+
    |FSRCNN_mul_mul_12CeG_U56  |FSRCNN_mul_mul_12CeG  |  i0 * i1  |
    +--------------------------+----------------------+-----------+

    * Memory: 
    N/A

    * FIFO: 
    N/A

    * Expression: 
    +-------------------------+----------+-------+---+----+------------+------------+
    |      Variable Name      | Operation| DSP48E| FF| LUT| Bitwidth P0| Bitwidth P1|
    +-------------------------+----------+-------+---+----+------------+------------+
    |mul_ln50_fu_201_p2       |     *    |      0|  0|  17|           5|           4|
    |add_ln1116_3_fu_306_p2   |     +    |      0|  0|   8|          11|          11|
    |add_ln1116_fu_300_p2     |     +    |      0|  0|   8|          11|          11|
    |add_ln49_fu_177_p2       |     +    |      0|  0|  28|          11|          21|
    |add_ln65_fu_251_p2       |     +    |      0|  0|  13|           4|           4|
    |add_ln71_2_fu_434_p2     |     +    |      0|  0|  14|          10|           1|
    |add_ln71_fu_414_p2       |     +    |      0|  0|  14|          10|           1|
    |index_filter_fu_395_p2   |     +    |      0|  0|  39|          32|           1|
    |index_fu_171_p2          |     +    |      0|  0|  14|          10|           1|
    |k_y_fu_215_p2            |     +    |      0|  0|  15|           7|           7|
    |ret_V_fu_378_p2          |     +    |      0|  0|  32|          25|          25|
    |and_ln65_fu_269_p2       |    and   |      0|  0|   2|           1|           1|
    |icmp_ln46_fu_165_p2      |   icmp   |      0|  0|  13|          10|          10|
    |icmp_ln55_1_fu_235_p2    |   icmp   |      0|  0|   8|           2|           1|
    |icmp_ln55_fu_229_p2      |   icmp   |      0|  0|   9|           4|           2|
    |icmp_ln65_1_fu_263_p2    |   icmp   |      0|  0|   9|           2|           3|
    |icmp_ln65_fu_257_p2      |   icmp   |      0|  0|   9|           4|           2|
    |icmp_ln71_2_fu_440_p2    |   icmp   |      0|  0|  13|          10|           4|
    |icmp_ln71_fu_420_p2      |   icmp   |      0|  0|  13|          10|           2|
    |select_ln55_1_fu_320_p3  |  select  |      0|  0|  32|           1|           1|
    |select_ln55_4_fu_349_p3  |  select  |      0|  0|  12|           1|           1|
    |select_ln55_5_fu_356_p3  |  select  |      0|  0|  12|           1|          12|
    |select_ln55_fu_327_p3    |  select  |      0|  0|  32|           1|          32|
    |select_ln71_2_fu_446_p3  |  select  |      0|  0|  10|           1|          10|
    |select_ln71_fu_426_p3    |  select  |      0|  0|  10|           1|          10|
    +-------------------------+----------+-------+---+----+------------+------------+
    |Total                    |          |      0|  0| 386|         185|         178|
    +-------------------------+----------+-------+---+----+------------+------------+

    * Multiplexer: 
    +--------------------+----+-----------+-----+-----------+
    |        Name        | LUT| Input Size| Bits| Total Bits|
    +--------------------+----+-----------+-----+-----------+
    |ap_NS_fsm           |  38|          7|    1|          7|
    |index_0_reg_119     |   9|          2|   10|         20|
    |phi_mul_reg_130     |   9|          2|   21|         42|
    |phi_urem33_reg_153  |   9|          2|   10|         20|
    |phi_urem_reg_141    |   9|          2|   10|         20|
    +--------------------+----+-----------+-----+-----------+
    |Total               |  74|         15|   52|        109|
    +--------------------+----+-----------+-----+-----------+

    * Register: 
    +-------------------------------+----+----+-----+-----------+
    |              Name             | FF | LUT| Bits| Const Bits|
    +-------------------------------+----+----+-----+-----------+
    |add_ln49_reg_480               |  21|   0|   21|          0|
    |and_ln65_reg_517               |   1|   0|    1|          0|
    |ap_CS_fsm                      |   6|   0|    6|          0|
    |icmp_ln55_1_reg_505            |   1|   0|    1|          0|
    |icmp_ln55_reg_499              |   1|   0|    1|          0|
    |index_0_reg_119                |  10|   0|   10|          0|
    |index_filter_2_fu_72           |  32|   0|   32|          0|
    |index_reg_475                  |  10|   0|   10|          0|
    |k_y_reg_490                    |   7|   0|    7|          0|
    |phi_mul_reg_130                |  21|   0|   21|          0|
    |phi_urem33_reg_153             |  10|   0|   10|          0|
    |phi_urem_reg_141               |  10|   0|   10|          0|
    |prev_output_channel_2_reg_531  |  12|   0|   12|          0|
    |r_V_6_reg_541                  |  24|   0|   24|          0|
    |select_ln55_reg_526            |  32|   0|   32|          0|
    |sum_V_2_fu_76                  |  12|   0|   12|          0|
    |tmp_91_reg_485                 |   7|   0|    7|          0|
    |tmp_92_reg_495                 |   1|   0|    1|          0|
    |tmp_reg_511                    |   4|   0|    4|          0|
    +-------------------------------+----+----+-----+-----------+
    |Total                          | 222|   0|  222|          0|
    +-------------------------------+----+----+-----+-----------+



================================================================
== Interface
================================================================
* Summary: 
+--------------------------------+-----+-----+------------+-----------------------+--------------+
|            RTL Ports           | Dir | Bits|  Protocol  |     Source Object     |    C Type    |
+--------------------------------+-----+-----+------------+-----------------------+--------------+
|ap_clk                          |  in |    1| ap_ctrl_hs |      CORRELATE.1      | return value |
|ap_rst                          |  in |    1| ap_ctrl_hs |      CORRELATE.1      | return value |
|ap_start                        |  in |    1| ap_ctrl_hs |      CORRELATE.1      | return value |
|ap_done                         | out |    1| ap_ctrl_hs |      CORRELATE.1      | return value |
|ap_idle                         | out |    1| ap_ctrl_hs |      CORRELATE.1      | return value |
|ap_ready                        | out |    1| ap_ctrl_hs |      CORRELATE.1      | return value |
|prev_output_channel_V_address0  | out |   13|  ap_memory | prev_output_channel_V |     array    |
|prev_output_channel_V_ce0       | out |    1|  ap_memory | prev_output_channel_V |     array    |
|prev_output_channel_V_q0        |  in |   12|  ap_memory | prev_output_channel_V |     array    |
|filter_V_address0               | out |    4|  ap_memory |        filter_V       |     array    |
|filter_V_ce0                    | out |    1|  ap_memory |        filter_V       |     array    |
|filter_V_q0                     |  in |   12|  ap_memory |        filter_V       |     array    |
|correlate_img_V_address0        | out |    6|  ap_memory |    correlate_img_V    |     array    |
|correlate_img_V_ce0             | out |    1|  ap_memory |    correlate_img_V    |     array    |
|correlate_img_V_we0             | out |    1|  ap_memory |    correlate_img_V    |     array    |
|correlate_img_V_d0              | out |   12|  ap_memory |    correlate_img_V    |     array    |
+--------------------------------+-----+-----+------------+-----------------------+--------------+

