

================================================================
== Vivado HLS Report for 'Loop_1_proc221'
================================================================
* Date:           Fri Dec 15 20:48:30 2023

* Version:        2019.1 (Build 2552052 on Fri May 24 15:28:33 MDT 2019)
* Project:        FSRCNN_V1
* Solution:       solution1
* Product family: zynq
* Target device:  xc7z020-clg400-1


================================================================
== Performance Estimates
================================================================
+ Timing (ns): 
    * Summary: 
    +--------+-------+----------+------------+
    |  Clock | Target| Estimated| Uncertainty|
    +--------+-------+----------+------------+
    |ap_clk  |  10.00|     8.638|        1.25|
    +--------+-------+----------+------------+

+ Latency (clock cycles): 
    * Summary: 
    +-------+-------+-------+-------+---------+
    |    Latency    |    Interval   | Pipeline|
    |  min  |  max  |  min  |  max  |   Type  |
    +-------+-------+-------+-------+---------+
    |  16396|  16396|  16396|  16396|   none  |
    +-------+-------+-------+-------+---------+

    + Detail: 
        * Instance: 
        N/A

        * Loop: 
        +----------+-------+-------+----------+-----------+-----------+-------+----------+
        |          |    Latency    | Iteration|  Initiation Interval  |  Trip |          |
        | Loop Name|  min  |  max  |  Latency |  achieved |   target  | Count | Pipelined|
        +----------+-------+-------+----------+-----------+-----------+-------+----------+
        |- Loop 1  |  16394|  16394|        12|          1|          1|  16384|    yes   |
        +----------+-------+-------+----------+-----------+-----------+-------+----------+



================================================================
== Utilization Estimates
================================================================
* Summary: 
+-----------------+---------+-------+--------+-------+-----+
|       Name      | BRAM_18K| DSP48E|   FF   |  LUT  | URAM|
+-----------------+---------+-------+--------+-------+-----+
|DSP              |        -|      -|       -|      -|    -|
|Expression       |        -|      -|      73|   1672|    -|
|FIFO             |        -|      -|       -|      -|    -|
|Instance         |        -|      0|     132|    478|    -|
|Memory           |        -|      -|       -|      -|    -|
|Multiplexer      |        -|      -|       -|    288|    -|
|Register         |        0|      -|    1101|    288|    -|
+-----------------+---------+-------+--------+-------+-----+
|Total            |        0|      0|    1306|   2726|    0|
+-----------------+---------+-------+--------+-------+-----+
|Available        |      280|    220|  106400|  53200|    0|
+-----------------+---------+-------+--------+-------+-----+
|Utilization (%)  |        0|      0|       1|      5|    0|
+-----------------+---------+-------+--------+-------+-----+

+ Detail: 
    * Instance: 
    +---------------------------+----------------------+---------+-------+----+-----+-----+
    |          Instance         |        Module        | BRAM_18K| DSP48E| FF | LUT | URAM|
    +---------------------------+----------------------+---------+-------+----+-----+-----+
    |FSRCNN_fcmp_32ns_czy_U186  |FSRCNN_fcmp_32ns_czy  |        0|      0|  66|  239|    0|
    |FSRCNN_fcmp_32ns_czy_U187  |FSRCNN_fcmp_32ns_czy  |        0|      0|  66|  239|    0|
    +---------------------------+----------------------+---------+-------+----+-----+-----+
    |Total                      |                      |        0|      0| 132|  478|    0|
    +---------------------------+----------------------+---------+-------+----+-----+-----+

    * DSP48E: 
    N/A

    * Memory: 
    N/A

    * FIFO: 
    N/A

    * Expression: 
    +--------------------------------------+----------+-------+----+-----+------------+------------+
    |             Variable Name            | Operation| DSP48E| FF | LUT | Bitwidth P0| Bitwidth P1|
    +--------------------------------------+----------+-------+----+-----+------------+------------+
    |add_ln339_fu_787_p2                   |     +    |      0|   0|   15|           8|           9|
    |add_ln954_fu_554_p2                   |     +    |      0|   0|   39|           6|          32|
    |add_ln964_fu_628_p2                   |     +    |      0|   0|    8|           8|           8|
    |i_fu_317_p2                           |     +    |      0|   0|   21|          15|           1|
    |lsb_index_fu_445_p2                   |     +    |      0|   0|   39|           6|          32|
    |m_1_fu_590_p2                         |     +    |      0|   0|   39|          32|          32|
    |result_V_1_fu_882_p2                  |     -    |      0|   0|   39|           1|          32|
    |sub_ln1311_fu_801_p2                  |     -    |      0|   0|   15|           7|           8|
    |sub_ln939_fu_391_p2                   |     -    |      0|   0|   27|           1|          20|
    |sub_ln944_fu_440_p2                   |     -    |      0|   0|   39|           6|          32|
    |sub_ln947_fu_471_p2                   |     -    |      0|   0|   15|           3|           6|
    |sub_ln954_fu_565_p2                   |     -    |      0|   0|   39|           5|          32|
    |sub_ln964_fu_623_p2                   |     -    |      0|   0|    8|           6|           8|
    |tmp_V_fu_367_p2                       |     -    |      0|   0|   28|          21|          21|
    |a_fu_498_p2                           |    and   |      0|   0|    2|           1|           1|
    |and_ln1305_fu_699_p2                  |    and   |      0|   0|    2|           1|           1|
    |and_ln1307_fu_747_p2                  |    and   |      0|   0|    2|           1|           1|
    |and_ln949_fu_525_p2                   |    and   |      0|   0|    2|           1|           1|
    |ap_block_pp0_stage0_00001             |    and   |      0|   0|    2|           1|           1|
    |ap_block_state12_io                   |    and   |      0|   0|    2|           1|           1|
    |ap_block_state13_io                   |    and   |      0|   0|    2|           1|           1|
    |ap_block_state3_pp0_stage0_iter1      |    and   |      0|   0|    2|           1|           1|
    |io_acc_block_signal_op29              |    and   |      0|   0|    2|           1|           1|
    |p_Result_3_fu_487_p2                  |    and   |      0|   0|   44|          44|          44|
    |stream_out_V_data_V_1_load_A          |    and   |      0|   0|    2|           1|           1|
    |stream_out_V_data_V_1_load_B          |    and   |      0|   0|    2|           1|           1|
    |stream_out_V_dest_V_1_load_A          |    and   |      0|   0|    2|           1|           1|
    |stream_out_V_dest_V_1_load_B          |    and   |      0|   0|    2|           1|           1|
    |stream_out_V_id_V_1_load_A            |    and   |      0|   0|    2|           1|           1|
    |stream_out_V_id_V_1_load_B            |    and   |      0|   0|    2|           1|           1|
    |stream_out_V_keep_V_1_load_A          |    and   |      0|   0|    2|           1|           1|
    |stream_out_V_keep_V_1_load_B          |    and   |      0|   0|    2|           1|           1|
    |stream_out_V_last_V_1_load_A          |    and   |      0|   0|    2|           1|           1|
    |stream_out_V_last_V_1_load_B          |    and   |      0|   0|    2|           1|           1|
    |stream_out_V_user_V_1_load_A          |    and   |      0|   0|    2|           1|           1|
    |stream_out_V_user_V_1_load_B          |    and   |      0|   0|    2|           1|           1|
    |tmp_s_fu_424_p3                       |   cttz   |      0|  73|   71|          64|           0|
    |icmp_ln1299_fu_311_p2                 |   icmp   |      0|   0|   13|          15|          16|
    |icmp_ln1305_1_fu_687_p2               |   icmp   |      0|   0|   18|          23|           1|
    |icmp_ln1305_fu_681_p2                 |   icmp   |      0|   0|   11|           8|           2|
    |icmp_ln1307_1_fu_735_p2               |   icmp   |      0|   0|   18|          23|           1|
    |icmp_ln1307_fu_729_p2                 |   icmp   |      0|   0|   11|           8|           2|
    |icmp_ln935_fu_377_p2                  |   icmp   |      0|   0|   18|          20|          20|
    |icmp_ln947_1_fu_492_p2                |   icmp   |      0|   0|   24|          44|           1|
    |icmp_ln947_fu_461_p2                  |   icmp   |      0|   0|   18|          31|           1|
    |icmp_ln954_fu_545_p2                  |   icmp   |      0|   0|   18|          32|           1|
    |stream_out_V_data_V_1_state_cmp_full  |   icmp   |      0|   0|    8|           2|           1|
    |stream_out_V_dest_V_1_state_cmp_full  |   icmp   |      0|   0|    8|           2|           1|
    |stream_out_V_id_V_1_state_cmp_full    |   icmp   |      0|   0|    8|           2|           1|
    |stream_out_V_keep_V_1_state_cmp_full  |   icmp   |      0|   0|    8|           2|           1|
    |stream_out_V_last_V_1_state_cmp_full  |   icmp   |      0|   0|    8|           2|           1|
    |stream_out_V_user_V_1_state_cmp_full  |   icmp   |      0|   0|    8|           2|           1|
    |lshr_ln947_fu_481_p2                  |   lshr   |      0|   0|  142|           2|          44|
    |lshr_ln954_fu_559_p2                  |   lshr   |      0|   0|  101|          32|          32|
    |r_V_fu_841_p2                         |   lshr   |      0|   0|   73|          25|          25|
    |ap_block_pp0_stage0_11001             |    or    |      0|   0|    2|           1|           1|
    |ap_block_state1                       |    or    |      0|   0|    2|           1|           1|
    |ap_block_state14                      |    or    |      0|   0|    2|           1|           1|
    |or_ln1305_fu_693_p2                   |    or    |      0|   0|    2|           1|           1|
    |or_ln1307_fu_741_p2                   |    or    |      0|   0|    2|           1|           1|
    |or_ln949_fu_531_p2                    |    or    |      0|   0|    2|           1|           1|
    |data_util_1_fu_705_p3                 |  select  |      0|   0|   32|           1|          31|
    |data_util_fu_657_p3                   |  select  |      0|   0|   32|           1|           1|
    |m_fu_583_p3                           |  select  |      0|   0|   32|           1|          32|
    |p_Val2_41_fu_753_p3                   |  select  |      0|   0|   32|           1|           1|
    |p_Val2_43_fu_888_p3                   |  select  |      0|   0|   32|           1|          32|
    |p_Val2_s_fu_875_p3                    |  select  |      0|   0|   32|           1|          32|
    |select_ln964_fu_616_p3                |  select  |      0|   0|    7|           1|           7|
    |tmp_V_1_fu_396_p3                     |  select  |      0|   0|   20|           1|          20|
    |ush_fu_823_p3                         |  select  |      0|   0|    9|           1|           9|
    |r_V_4_fu_847_p2                       |    shl   |      0|   0|  243|          79|          79|
    |shl_ln954_fu_574_p2                   |    shl   |      0|   0|  142|          44|          44|
    |ap_enable_pp0                         |    xor   |      0|   0|    2|           1|           2|
    |ap_enable_reg_pp0_iter1               |    xor   |      0|   0|    2|           2|           1|
    |xor_ln949_fu_512_p2                   |    xor   |      0|   0|    2|           1|           2|
    +--------------------------------------+----------+-------+----+-----+------------+------------+
    |Total                                 |          |      0|  73| 1672|         671|         789|
    +--------------------------------------+----------+-------+----+-----+------------+------------+

    * Multiplexer: 
    +--------------------------------+----+-----------+-----+-----------+
    |              Name              | LUT| Input Size| Bits| Total Bits|
    +--------------------------------+----+-----------+-----+-----------+
    |ap_NS_fsm                       |  21|          4|    1|          4|
    |ap_done                         |   9|          2|    1|          2|
    |ap_enable_reg_pp0_iter1         |   9|          2|    1|          2|
    |ap_enable_reg_pp0_iter11        |   9|          2|    1|          2|
    |corr8_out_V_data_V_blk_n        |   9|          2|    1|          2|
    |corr8_out_V_dest_V_blk_n        |   9|          2|    1|          2|
    |corr8_out_V_id_V_blk_n          |   9|          2|    1|          2|
    |corr8_out_V_keep_V_blk_n        |   9|          2|    1|          2|
    |corr8_out_V_last_V_blk_n        |   9|          2|    1|          2|
    |corr8_out_V_user_V_blk_n        |   9|          2|    1|          2|
    |corr8_out_V_valid_V_blk_n       |   9|          2|    1|          2|
    |i_0_reg_290                     |   9|          2|   15|         30|
    |stream_out_TDATA_blk_n          |   9|          2|    1|          2|
    |stream_out_V_data_V_1_data_out  |   9|          2|   32|         64|
    |stream_out_V_data_V_1_state     |  15|          3|    2|          6|
    |stream_out_V_dest_V_1_data_out  |   9|          2|    1|          2|
    |stream_out_V_dest_V_1_state     |  15|          3|    2|          6|
    |stream_out_V_id_V_1_data_out    |   9|          2|    1|          2|
    |stream_out_V_id_V_1_state       |  15|          3|    2|          6|
    |stream_out_V_keep_V_1_data_out  |   9|          2|    4|          8|
    |stream_out_V_keep_V_1_state     |  15|          3|    2|          6|
    |stream_out_V_last_V_1_data_out  |   9|          2|    1|          2|
    |stream_out_V_last_V_1_state     |  15|          3|    2|          6|
    |stream_out_V_strb_V_1_state     |  15|          3|    2|          6|
    |stream_out_V_user_V_1_data_out  |   9|          2|    1|          2|
    |stream_out_V_user_V_1_state     |  15|          3|    2|          6|
    +--------------------------------+----+-----------+-----+-----------+
    |Total                           | 288|         61|   81|        178|
    +--------------------------------+----+-----------+-----+-----------+

    * Register: 
    +------------------------------------+----+----+-----+-----------+
    |                Name                | FF | LUT| Bits| Const Bits|
    +------------------------------------+----+----+-----+-----------+
    |add_ln339_reg_1018                  |   9|   0|    9|          0|
    |ap_CS_fsm                           |   3|   0|    3|          0|
    |ap_done_reg                         |   1|   0|    1|          0|
    |ap_enable_reg_pp0_iter0             |   1|   0|    1|          0|
    |ap_enable_reg_pp0_iter1             |   1|   0|    1|          0|
    |ap_enable_reg_pp0_iter10            |   1|   0|    1|          0|
    |ap_enable_reg_pp0_iter11            |   1|   0|    1|          0|
    |ap_enable_reg_pp0_iter2             |   1|   0|    1|          0|
    |ap_enable_reg_pp0_iter3             |   1|   0|    1|          0|
    |ap_enable_reg_pp0_iter4             |   1|   0|    1|          0|
    |ap_enable_reg_pp0_iter5             |   1|   0|    1|          0|
    |ap_enable_reg_pp0_iter6             |   1|   0|    1|          0|
    |ap_enable_reg_pp0_iter7             |   1|   0|    1|          0|
    |ap_enable_reg_pp0_iter8             |   1|   0|    1|          0|
    |ap_enable_reg_pp0_iter9             |   1|   0|    1|          0|
    |data_util_1_reg_1002                |  32|   0|   32|          0|
    |data_util_1_reg_1002_pp0_iter8_reg  |  32|   0|   32|          0|
    |data_util_reg_995                   |  32|   0|   32|          0|
    |data_util_reg_995_pp0_iter6_reg     |  32|   0|   32|          0|
    |i_0_reg_290                         |  15|   0|   15|          0|
    |icmp_ln1299_reg_896                 |   1|   0|    1|          0|
    |icmp_ln935_reg_936                  |   1|   0|    1|          0|
    |icmp_ln954_reg_980                  |   1|   0|    1|          0|
    |isNeg_reg_1023                      |   1|   0|    1|          0|
    |l_reg_959                           |  32|   0|   32|          0|
    |m_4_reg_985                         |  31|   0|   31|          0|
    |or_ln_reg_975                       |   1|   0|   32|         31|
    |p_Result_11_reg_941                 |   1|   0|    1|          0|
    |p_Result_14_reg_1008                |   1|   0|    1|          0|
    |stream_out_V_data_V_1_payload_A     |  32|   0|   32|          0|
    |stream_out_V_data_V_1_payload_B     |  32|   0|   32|          0|
    |stream_out_V_data_V_1_sel_rd        |   1|   0|    1|          0|
    |stream_out_V_data_V_1_sel_wr        |   1|   0|    1|          0|
    |stream_out_V_data_V_1_state         |   2|   0|    2|          0|
    |stream_out_V_dest_V_1_payload_A     |   1|   0|    1|          0|
    |stream_out_V_dest_V_1_payload_B     |   1|   0|    1|          0|
    |stream_out_V_dest_V_1_sel_rd        |   1|   0|    1|          0|
    |stream_out_V_dest_V_1_sel_wr        |   1|   0|    1|          0|
    |stream_out_V_dest_V_1_state         |   2|   0|    2|          0|
    |stream_out_V_id_V_1_payload_A       |   1|   0|    1|          0|
    |stream_out_V_id_V_1_payload_B       |   1|   0|    1|          0|
    |stream_out_V_id_V_1_sel_rd          |   1|   0|    1|          0|
    |stream_out_V_id_V_1_sel_wr          |   1|   0|    1|          0|
    |stream_out_V_id_V_1_state           |   2|   0|    2|          0|
    |stream_out_V_keep_V_1_payload_A     |   4|   0|    4|          0|
    |stream_out_V_keep_V_1_payload_B     |   4|   0|    4|          0|
    |stream_out_V_keep_V_1_sel_rd        |   1|   0|    1|          0|
    |stream_out_V_keep_V_1_sel_wr        |   1|   0|    1|          0|
    |stream_out_V_keep_V_1_state         |   2|   0|    2|          0|
    |stream_out_V_last_V_1_payload_A     |   1|   0|    1|          0|
    |stream_out_V_last_V_1_payload_B     |   1|   0|    1|          0|
    |stream_out_V_last_V_1_sel_rd        |   1|   0|    1|          0|
    |stream_out_V_last_V_1_sel_wr        |   1|   0|    1|          0|
    |stream_out_V_last_V_1_state         |   2|   0|    2|          0|
    |stream_out_V_strb_V_1_sel_rd        |   1|   0|    1|          0|
    |stream_out_V_strb_V_1_state         |   2|   0|    2|          0|
    |stream_out_V_user_V_1_payload_A     |   1|   0|    1|          0|
    |stream_out_V_user_V_1_payload_B     |   1|   0|    1|          0|
    |stream_out_V_user_V_1_sel_rd        |   1|   0|    1|          0|
    |stream_out_V_user_V_1_sel_wr        |   1|   0|    1|          0|
    |stream_out_V_user_V_1_state         |   2|   0|    2|          0|
    |sub_ln1311_reg_1029                 |   8|   0|    8|          0|
    |sub_ln944_reg_969                   |  32|   0|   32|          0|
    |tmp_83_reg_990                      |   1|   0|    1|          0|
    |tmp_V_1_reg_947                     |  20|   0|   20|          0|
    |tmp_V_1_reg_947_pp0_iter3_reg       |  20|   0|   20|          0|
    |tmp_V_3_reg_1013                    |  23|   0|   23|          0|
    |tmp_dest_V_reg_925                  |   1|   0|    1|          0|
    |tmp_id_V_reg_920                    |   1|   0|    1|          0|
    |tmp_keep_V_reg_905                  |   4|   0|    4|          0|
    |tmp_last_V_reg_915                  |   1|   0|    1|          0|
    |tmp_user_V_reg_910                  |   1|   0|    1|          0|
    |trunc_ln1118_reg_930                |  20|   0|   20|          0|
    |trunc_ln943_reg_964                 |   8|   0|    8|          0|
    |zext_ln938_reg_952                  |  20|   0|   44|         24|
    |zext_ln938_reg_952_pp0_iter3_reg    |  20|   0|   44|         24|
    |icmp_ln1299_reg_896                 |  64|  32|    1|          0|
    |icmp_ln935_reg_936                  |  64|  32|    1|          0|
    |p_Result_11_reg_941                 |  64|  32|    1|          0|
    |tmp_dest_V_reg_925                  |  64|  32|    1|          0|
    |tmp_id_V_reg_920                    |  64|  32|    1|          0|
    |tmp_keep_V_reg_905                  |  64|  32|    4|          0|
    |tmp_last_V_reg_915                  |  64|  32|    1|          0|
    |tmp_user_V_reg_910                  |  64|  32|    1|          0|
    |trunc_ln943_reg_964                 |  64|  32|    8|          0|
    +------------------------------------+----+----+-----+-----------+
    |Total                               |1101| 288|  623|         79|
    +------------------------------------+----+----+-----+-----------+



================================================================
== Interface
================================================================
* Summary: 
+-----------------------------+-----+-----+------------+---------------------+--------------+
|          RTL Ports          | Dir | Bits|  Protocol  |    Source Object    |    C Type    |
+-----------------------------+-----+-----+------------+---------------------+--------------+
|ap_clk                       |  in |    1| ap_ctrl_hs |    Loop_1_proc221   | return value |
|ap_rst                       |  in |    1| ap_ctrl_hs |    Loop_1_proc221   | return value |
|ap_start                     |  in |    1| ap_ctrl_hs |    Loop_1_proc221   | return value |
|ap_done                      | out |    1| ap_ctrl_hs |    Loop_1_proc221   | return value |
|ap_continue                  |  in |    1| ap_ctrl_hs |    Loop_1_proc221   | return value |
|ap_idle                      | out |    1| ap_ctrl_hs |    Loop_1_proc221   | return value |
|ap_ready                     | out |    1| ap_ctrl_hs |    Loop_1_proc221   | return value |
|corr8_out_V_valid_V_dout     |  in |    1|   ap_fifo  | corr8_out_V_valid_V |    pointer   |
|corr8_out_V_valid_V_empty_n  |  in |    1|   ap_fifo  | corr8_out_V_valid_V |    pointer   |
|corr8_out_V_valid_V_read     | out |    1|   ap_fifo  | corr8_out_V_valid_V |    pointer   |
|corr8_out_V_data_V_dout      |  in |   12|   ap_fifo  |  corr8_out_V_data_V |    pointer   |
|corr8_out_V_data_V_empty_n   |  in |    1|   ap_fifo  |  corr8_out_V_data_V |    pointer   |
|corr8_out_V_data_V_read      | out |    1|   ap_fifo  |  corr8_out_V_data_V |    pointer   |
|corr8_out_V_keep_V_dout      |  in |    4|   ap_fifo  |  corr8_out_V_keep_V |    pointer   |
|corr8_out_V_keep_V_empty_n   |  in |    1|   ap_fifo  |  corr8_out_V_keep_V |    pointer   |
|corr8_out_V_keep_V_read      | out |    1|   ap_fifo  |  corr8_out_V_keep_V |    pointer   |
|corr8_out_V_user_V_dout      |  in |    1|   ap_fifo  |  corr8_out_V_user_V |    pointer   |
|corr8_out_V_user_V_empty_n   |  in |    1|   ap_fifo  |  corr8_out_V_user_V |    pointer   |
|corr8_out_V_user_V_read      | out |    1|   ap_fifo  |  corr8_out_V_user_V |    pointer   |
|corr8_out_V_last_V_dout      |  in |    1|   ap_fifo  |  corr8_out_V_last_V |    pointer   |
|corr8_out_V_last_V_empty_n   |  in |    1|   ap_fifo  |  corr8_out_V_last_V |    pointer   |
|corr8_out_V_last_V_read      | out |    1|   ap_fifo  |  corr8_out_V_last_V |    pointer   |
|corr8_out_V_id_V_dout        |  in |    1|   ap_fifo  |   corr8_out_V_id_V  |    pointer   |
|corr8_out_V_id_V_empty_n     |  in |    1|   ap_fifo  |   corr8_out_V_id_V  |    pointer   |
|corr8_out_V_id_V_read        | out |    1|   ap_fifo  |   corr8_out_V_id_V  |    pointer   |
|corr8_out_V_dest_V_dout      |  in |    1|   ap_fifo  |  corr8_out_V_dest_V |    pointer   |
|corr8_out_V_dest_V_empty_n   |  in |    1|   ap_fifo  |  corr8_out_V_dest_V |    pointer   |
|corr8_out_V_dest_V_read      | out |    1|   ap_fifo  |  corr8_out_V_dest_V |    pointer   |
|stream_out_TDATA             | out |   32|    axis    | stream_out_V_data_V |    pointer   |
|stream_out_TREADY            |  in |    1|    axis    | stream_out_V_data_V |    pointer   |
|stream_out_TVALID            | out |    1|    axis    | stream_out_V_dest_V |    pointer   |
|stream_out_TDEST             | out |    1|    axis    | stream_out_V_dest_V |    pointer   |
|stream_out_TKEEP             | out |    4|    axis    | stream_out_V_keep_V |    pointer   |
|stream_out_TSTRB             | out |    4|    axis    | stream_out_V_strb_V |    pointer   |
|stream_out_TUSER             | out |    1|    axis    | stream_out_V_user_V |    pointer   |
|stream_out_TLAST             | out |    1|    axis    | stream_out_V_last_V |    pointer   |
|stream_out_TID               | out |    1|    axis    |  stream_out_V_id_V  |    pointer   |
+-----------------------------+-----+-----+------------+---------------------+--------------+

